info|2022-11-16 20:25:53.417821|[SDK][WS][SERVICE],[NEWOBJ][WsService]=0x7fa7c89dc618
info|2022-11-16 20:25:53.417854|[RPCWS][SERVICE]init the local protocol,minVersion=1,maxVersion=1,module=2
info|2022-11-16 20:25:53.420439|[DEFAULT][WS][INITIALIZER][initWsService]start websocket service as client,connected size=2
info|2022-11-16 20:25:53.420462|[DEFAULT][WS][INITIALIZER][initWsService]initializer for websocket service,listenIP=,listenPort=0,disableSsl=false,server=false,client=true,threadPoolSize=8,maxMsgSize=33554432,msgTimeOut=-1,connected peers=2
info|2022-11-16 20:25:53.420513|[bcos_sdk_create][NEWOBJ],sdk=0x600000882300
info|2022-11-16 20:25:54.243642|[DEFAULT][WS][CONNECTOR][connectToWsServer]async_connect success,endpoint=127.0.0.1:20200
info|2022-11-16 20:25:54.243710|[DEFAULT][WS][CONNECTOR][connectToWsServer]async_connect success,endpoint=127.0.0.1:20201
info|2022-11-16 20:25:54.243729|[DEFAULT][WS][STREAM],[NEWOBJ][WsStream]=0x600000877218
info|2022-11-16 20:25:54.243743|[DEFAULT][WS][STREAM],[NEWOBJ][WsStream]=0x600000878ce8
info|2022-11-16 20:25:54.248750|[DEFAULT][BOOSTSSL][NODEINFO][NEW]SSLContext pubHex: 3082010a0282010100ac8a2590dec15c3a33127d42aba95815bf0a49a9446269709941815a46fd84c9bdc12c8065b7f4d4befcc13c8b5c1f462058aff809a5fb4fb80fc1a3bcd710ba7ac01976f3eceeb3b65b756fbd3665c3d47b36be9f17bcb9a035b20f54399dcd1ef039706d0ae0be9e08a1c7aaf55af2d3667dcf9ddca45934e0703bd4ea8828600affc0a4c0ffa1b1f379608ae61196411ac96de20d014746c8e9c71f7f367a954f0f8d44e24e8d92dfe2094edd5e32cf13d0eb2cef0d320e9e981a519730b09833c996cf69c7695c8e0fe7bc664089d34fd7594b22d690d521520b64b502a793509f19b623eb6607b28d9a6ff128d88f4132106c9d11c35d8bf8b0a2fae4830203010001
warning|2022-11-16 20:25:54.248781|[DEFAULT][BOOSTSSL][NODEINFO]Get ca basic failed
info|2022-11-16 20:25:54.249040|[DEFAULT][BOOSTSSL][NODEINFO][NEW]SSLContext pubHex: 3082010a0282010100cc43dfec3ab3648b9c003baf7658a9bc46dae184f221992cc357cd682e1e040ca3be5913f360598805003d8122c0baaa70135934d0211c072bccd78e5aea42817691fba0c927769b62a338e2907106ba8886afafecf4a32c3978b885b2ccf723ad3a2ca8ea9b60e17ae9dc0683190528e0d1cbd8775dd8be17473df27ea0a4d28651d6eb72ddbb281a17de9b60789eaee71fcb43a2cd3443c4d2bddea4a2f0c54177fb8acd55b3c60cebff2911e9caf2e491b9ff0d831c3d198199345ed549cb13a001990a6697a337719e9f6262ecbf1046e14c4352eb8da518a19384d584e6effc6265bd06400cb8cbe1d3046c62364c86a78becce781eac9242fce34787930203010001
info|2022-11-16 20:25:54.250104|[DEFAULT][BOOSTSSL][NODEINFO][NEW]SSLContext pubHex: 3082010a0282010100ac8a2590dec15c3a33127d42aba95815bf0a49a9446269709941815a46fd84c9bdc12c8065b7f4d4befcc13c8b5c1f462058aff809a5fb4fb80fc1a3bcd710ba7ac01976f3eceeb3b65b756fbd3665c3d47b36be9f17bcb9a035b20f54399dcd1ef039706d0ae0be9e08a1c7aaf55af2d3667dcf9ddca45934e0703bd4ea8828600affc0a4c0ffa1b1f379608ae61196411ac96de20d014746c8e9c71f7f367a954f0f8d44e24e8d92dfe2094edd5e32cf13d0eb2cef0d320e9e981a519730b09833c996cf69c7695c8e0fe7bc664089d34fd7594b22d690d521520b64b502a793509f19b623eb6607b28d9a6ff128d88f4132106c9d11c35d8bf8b0a2fae4830203010001
warning|2022-11-16 20:25:54.250158|[DEFAULT][BOOSTSSL][NODEINFO]Get ca basic failed
info|2022-11-16 20:25:54.250290|[DEFAULT][BOOSTSSL][NODEINFO][NEW]SSLContext pubHex: 3082010a0282010100ccc7a5009e5bd089dd064fba71a3bb1a02114edf452fef80f7aa2fb7e3aa966229cba43f388c789357670517535676bd128081e862c3c27babac5a8285eaaae774d42ab7a57fc16189f12dd4aa02beee2bd0c065c3ea1117103c43bd932f19ef3b614f72a2de01314c4e6c4848a4b2486a09ae414d2cc6800eb59b5adbdea0bafeb7ba3ad140186097ccd643be315a1a632c714ebca360f423d6ae4fad91243e7d87646d603b4c6531ab6723a6481d0a08358bc0c11b5e2b12789b86b3800a0926008d962a0f027f002d6b8490f9acc3ea7dc8bbc1091e58418884361038039847b6a90622001f4346995453a8f38a8ccf59c83e5f327c4c3d3a7efa1073fd610203010001
info|2022-11-16 20:25:54.257173|[DEFAULT][WS][CONNECTOR][connectToWsServer]ssl async_handshake success,host=127.0.0.1,port=20201
info|2022-11-16 20:25:54.258567|[DEFAULT][WS][CONNECTOR][connectToWsServer]ssl async_handshake success,host=127.0.0.1,port=20200
info|2022-11-16 20:25:54.269817|[DEFAULT][WS][CONNECTOR][connectToWsServer]websocket handshake successfully,host=127.0.0.1,port=20200
info|2022-11-16 20:25:54.269869|[DEFAULT][WS][CONNECTOR][connectToWsServer]websocket handshake successfully,host=127.0.0.1,port=20201
info|2022-11-16 20:25:54.269902|[SDK][WS][SESSION],[NEWOBJ][WSSESSION]=0x7fa7c912ce20
info|2022-11-16 20:25:54.270126|[SDK][WS][SESSION],[NEWOBJ][WSSESSION]=0x7fa7cd80d020
info|2022-11-16 20:25:54.270178|[SDK][WS][SERVICE][newSession]start the session,endPoint=127.0.0.1:20200
info|2022-11-16 20:25:54.270217|[SDK][WS][SERVICE]connected nodes,count=0
info|2022-11-16 20:25:54.270234|[SDK][WS][SERVICE][newSession]start the session,endPoint=127.0.0.1:20201
info|2022-11-16 20:25:54.270354|[SDK][WS][SERVICE][addSession]add session to mapping,connectedEndPoint=127.0.0.1:20200,endPoint=127.0.0.1:20200,result=true
info|2022-11-16 20:25:54.270370|[SDK][WS][SERVICE][start]start websocket service successfully,model=1,max msg size=33554432
info|2022-11-16 20:25:54.270459|[SDK][WS][SERVICE][addSession]add session to mapping,connectedEndPoint=127.0.0.1:20201,endPoint=127.0.0.1:20201,result=true
info|2022-11-16 20:25:54.270477|[SDK][WS][SERVICE][onConnect],endpoint=127.0.0.1:20200,connectedEndPoint=127.0.0.1:20200,refCount=6
info|2022-11-16 20:25:54.270516|[SDK][WS][SERVICE][onConnect],endpoint=127.0.0.1:20201,connectedEndPoint=127.0.0.1:20201,refCount=6
info|2022-11-16 20:25:54.270625|[RPCWS][SERVICE][startHandshake],endpoint=127.0.0.1:20200
info|2022-11-16 20:25:54.270641|[RPCWS][SERVICE][startHandshake],endpoint=127.0.0.1:20201
info|2022-11-16 20:25:54.270764|[SDK][WS][SESSION][startAsClient]websocket handshake successfully,endPoint=127.0.0.1:20200,session=0x7fa7c912ce20
info|2022-11-16 20:25:54.270787|[SDK][WS][SESSION][startAsClient]websocket handshake successfully,endPoint=127.0.0.1:20201,session=0x7fa7cd80d020
info|2022-11-16 20:25:54.274626|[RPCWS][SERVICE][fromJson] new group info,groupInfo=,group=group0,chain=chain0,nodeSize=1
info|2022-11-16 20:25:54.274688|[RPCWS][SERVICE][fromJson]parser protocol version,protocolVersion=1,groupInfoList size=1,groupBlockNumber size=1
info|2022-11-16 20:25:54.274707|[RPCWS][SERVICE][updateGroupInfoByEp],endPoint=127.0.0.1:20200,group=group0,chainID=chain0,genesisConfig={"blockTxCountLimit":1000,"consensusLeaderPeriod":1,"consensusType":"pbft","sealerList":[{"nodeID":"abdbb6097ece1931d4d5400fd1ff6a588690d8f0ad1b860168082a5573efc618af7a9bcc78239331236f345075787b384701da53a5a9b0114a5e8e5e2598a05a","weight":1},{"nodeID":"bfb7c5953db92b67f8b2d749193e5243e13bfe56ff3425db3089a29a1ddc68e9daf5db0568a0478ed924f8512125a3da3cf7328bcd093b8ffa37f7b80a1a5fa6","weight":1}],"txGasLimit":3000000000}
,iniConfig=,nodesNum=1
info|2022-11-16 20:25:54.274720|[RPCWS][SERVICE][updateGroupInfo],endPoint=127.0.0.1:20200,group=group0,chainID=chain0,nodesNum=1
info|2022-11-16 20:25:54.274734|[RPCWS][SERVICE][clearGroupInfoByEp],endPoint=127.0.0.1:20200,group=group0
info|2022-11-16 20:25:54.274746|[RPCWS][SERVICE][printGroupInfo],total count=1
info|2022-11-16 20:25:54.274750|[RPCWS][SERVICE][printGroupInfo]group list,group=group0,count=1
info|2022-11-16 20:25:54.274754|[RPCWS][SERVICE][printGroupInfo]node list,group=group0,node=abdbb6097ece1931d4d5400fd1ff6a588690d8f0ad1b860168082a5573efc618af7a9bcc78239331236f345075787b384701da53a5a9b0114a5e8e5e2598a05a,count=1
debug|2022-11-16 20:25:54.274758|[RPCWS][SERVICE][startHandshake]group info,endPoint=127.0.0.1:20200,smCrypto=false,wasm=false
info|2022-11-16 20:25:54.274768|[RPCWS][SERVICE][updateGroupBlockNumber],groupID=group0,_blockNumber=0
info|2022-11-16 20:25:54.274898|[AMOP][CLIENT][updateTopicsToRemote]send subscribe message to server,endpoint=127.0.0.1:20200,topics={"topics":[]}
info|2022-11-16 20:25:54.274919|[RPCWS][SERVICE][startHandshake]handshake successfully,endPoint=127.0.0.1:20200,handshake version=1,groupInfoList size=1,groupBlockNumber size=1,handshake string={"groupBlockNumber":[{"group0":0}],"groupInfoList":[{"chainID":"chain0","genesisConfig":"{\"blockTxCountLimit\":1000,\"consensusLeaderPeriod\":1,\"consensusType\":\"pbft\",\"sealerList\":[{\"nodeID\":\"abdbb6097ece1931d4d5400fd1ff6a588690d8f0ad1b860168082a5573efc618af7a9bcc78239331236f345075787b384701da53a5a9b0114a5e8e5e2598a05a\",\"weight\":1},{\"nodeID\":\"bfb7c5953db92b67f8b2d749193e5243e13bfe56ff3425db3089a29a1ddc68e9daf5db0568a0478ed924f8512125a3da3cf7328bcd093b8ffa37f7b80a1a5fa6\",\"weight\":1}],\"txGasLimit\":3000000000}\n","groupID":"group0","iniConfig":"","nodeList":[{"iniConfig":"{\"binaryInfo\":{\"buildTime\":\"20220926 10:16:30\",\"gitCommitHash\":\"fb89117c47a7fefa6d5b4aa805577fd602f5cecc\",\"platform\":\"Darwin/appleclang\",\"version\":\"3.0.1\"},\"chainID\":\"chain0\",\"gatewayServiceName\":\"\",\"groupID\":\"group0\",\"isAuthCheck\":false,\"isSerialExecute\":false,\"isWasm\":false,\"nodeID\":\"abdbb6097ece1931d4d5400fd1ff6a588690d8f0ad1b860168082a5573efc618af7a9bcc78239331236f345075787b384701da53a5a9b0114a5e8e5e2598a05a\",\"nodeName\":\"abdbb6097ece1931d4d5400fd1ff6a588690d8f0ad1b860168082a5573efc618af7a9bcc78239331236f345075787b384701da53a5a9b0114a5e8e5e2598a05a\",\"rpcServiceName\":\"\",\"smCryptoType\":false}\n","microService":false,"name":"abdbb6097ece1931d4d5400fd1ff6a588690d8f0ad1b860168082a5573efc618af7a9bcc78239331236f345075787b384701da53a5a9b0114a5e8e5e2598a05a","nodeID":"abdbb6097ece1931d4d5400fd1ff6a588690d8f0ad1b860168082a5573efc618af7a9bcc78239331236f345075787b384701da53a5a9b0114a5e8e5e2598a05a","protocol":{"compatibilityVersion":50331648,"maxSupportedVersion":1,"minSupportedVersion":0},"serviceInfo":[{"serviceName":"LedgerServiceObj","type":2},{"serviceName":"SchedulerServiceObj","type":3},{"serviceName":"FrontServiceObj","type":4},{"serviceName":"","type":6},{"serviceName":"","type":7},{"serviceName":"TxPoolServiceObj","type":8}],"type":0}]}],"protocolVersion":1}
info|2022-11-16 20:25:54.274953|[RPCWS][SERVICE][fromJson] new group info,groupInfo=,group=group0,chain=chain0,nodeSize=1
info|2022-11-16 20:25:54.274967|[RPCWS][SERVICE][fromJson]parser protocol version,protocolVersion=1,groupInfoList size=1,groupBlockNumber size=1
info|2022-11-16 20:25:54.274976|[RPCWS][SERVICE][updateGroupInfoByEp],endPoint=127.0.0.1:20201,group=group0,chainID=chain0,genesisConfig={"blockTxCountLimit":1000,"consensusLeaderPeriod":1,"consensusType":"pbft","sealerList":[{"nodeID":"abdbb6097ece1931d4d5400fd1ff6a588690d8f0ad1b860168082a5573efc618af7a9bcc78239331236f345075787b384701da53a5a9b0114a5e8e5e2598a05a","weight":1},{"nodeID":"bfb7c5953db92b67f8b2d749193e5243e13bfe56ff3425db3089a29a1ddc68e9daf5db0568a0478ed924f8512125a3da3cf7328bcd093b8ffa37f7b80a1a5fa6","weight":1}],"txGasLimit":3000000000}
,iniConfig=,nodesNum=1
info|2022-11-16 20:25:54.274980|[RPCWS][SERVICE][updateGroupInfo],endPoint=127.0.0.1:20201,group=group0,chainID=chain0,nodesNum=1
info|2022-11-16 20:25:54.274983|[RPCWS][SERVICE][clearGroupInfoByEp],endPoint=127.0.0.1:20201,group=group0
info|2022-11-16 20:25:54.274992|[RPCWS][SERVICE][printGroupInfo],total count=1
info|2022-11-16 20:25:54.274994|[RPCWS][SERVICE][printGroupInfo]group list,group=group0,count=2
info|2022-11-16 20:25:54.274996|[RPCWS][SERVICE][printGroupInfo]node list,group=group0,node=bfb7c5953db92b67f8b2d749193e5243e13bfe56ff3425db3089a29a1ddc68e9daf5db0568a0478ed924f8512125a3da3cf7328bcd093b8ffa37f7b80a1a5fa6,count=1
info|2022-11-16 20:25:54.275000|[RPCWS][SERVICE][printGroupInfo]node list,group=group0,node=abdbb6097ece1931d4d5400fd1ff6a588690d8f0ad1b860168082a5573efc618af7a9bcc78239331236f345075787b384701da53a5a9b0114a5e8e5e2598a05a,count=1
debug|2022-11-16 20:25:54.275002|[RPCWS][SERVICE][startHandshake]group info,endPoint=127.0.0.1:20201,smCrypto=false,wasm=false
info|2022-11-16 20:25:54.275098|[AMOP][CLIENT][updateTopicsToRemote]send subscribe message to server,endpoint=127.0.0.1:20201,topics={"topics":[]}
info|2022-11-16 20:25:54.275108|[RPCWS][SERVICE][startHandshake]handshake successfully,endPoint=127.0.0.1:20201,handshake version=1,groupInfoList size=1,groupBlockNumber size=1,handshake string={"groupBlockNumber":[{"group0":0}],"groupInfoList":[{"chainID":"chain0","genesisConfig":"{\"blockTxCountLimit\":1000,\"consensusLeaderPeriod\":1,\"consensusType\":\"pbft\",\"sealerList\":[{\"nodeID\":\"abdbb6097ece1931d4d5400fd1ff6a588690d8f0ad1b860168082a5573efc618af7a9bcc78239331236f345075787b384701da53a5a9b0114a5e8e5e2598a05a\",\"weight\":1},{\"nodeID\":\"bfb7c5953db92b67f8b2d749193e5243e13bfe56ff3425db3089a29a1ddc68e9daf5db0568a0478ed924f8512125a3da3cf7328bcd093b8ffa37f7b80a1a5fa6\",\"weight\":1}],\"txGasLimit\":3000000000}\n","groupID":"group0","iniConfig":"","nodeList":[{"iniConfig":"{\"binaryInfo\":{\"buildTime\":\"20220926 10:16:30\",\"gitCommitHash\":\"fb89117c47a7fefa6d5b4aa805577fd602f5cecc\",\"platform\":\"Darwin/appleclang\",\"version\":\"3.0.1\"},\"chainID\":\"chain0\",\"gatewayServiceName\":\"\",\"groupID\":\"group0\",\"isAuthCheck\":false,\"isSerialExecute\":false,\"isWasm\":false,\"nodeID\":\"bfb7c5953db92b67f8b2d749193e5243e13bfe56ff3425db3089a29a1ddc68e9daf5db0568a0478ed924f8512125a3da3cf7328bcd093b8ffa37f7b80a1a5fa6\",\"nodeName\":\"bfb7c5953db92b67f8b2d749193e5243e13bfe56ff3425db3089a29a1ddc68e9daf5db0568a0478ed924f8512125a3da3cf7328bcd093b8ffa37f7b80a1a5fa6\",\"rpcServiceName\":\"\",\"smCryptoType\":false}\n","microService":false,"name":"bfb7c5953db92b67f8b2d749193e5243e13bfe56ff3425db3089a29a1ddc68e9daf5db0568a0478ed924f8512125a3da3cf7328bcd093b8ffa37f7b80a1a5fa6","nodeID":"bfb7c5953db92b67f8b2d749193e5243e13bfe56ff3425db3089a29a1ddc68e9daf5db0568a0478ed924f8512125a3da3cf7328bcd093b8ffa37f7b80a1a5fa6","protocol":{"compatibilityVersion":50331648,"maxSupportedVersion":1,"minSupportedVersion":0},"serviceInfo":[{"serviceName":"LedgerServiceObj","type":2},{"serviceName":"SchedulerServiceObj","type":3},{"serviceName":"FrontServiceObj","type":4},{"serviceName":"","type":6},{"serviceName":"","type":7},{"serviceName":"TxPoolServiceObj","type":8}],"type":0}]}],"protocolVersion":1}
info|2022-11-16 20:25:54.374763|[RPCWS][SERVICE][waitForConnectionEstablish]wait for websocket connection handshake success,suc count=2
info|2022-11-16 20:25:54.374788|[RPC][IMPL][start]start rpc
info|2022-11-16 20:25:54.374793|[SDK][WS][SERVICE][start]websocket service is running
info|2022-11-16 20:25:54.479428|[RPCWS][SERVICE][waitForConnectionEstablish]wait for websocket connection handshake success,suc count=2
info|2022-11-16 20:25:54.479453|[AMOP][CLIENT][start]start amop
info|2022-11-16 20:25:54.479457|[SDK][WS][SERVICE][start]websocket service is running
info|2022-11-16 20:25:54.584336|[RPCWS][SERVICE][waitForConnectionEstablish]wait for websocket connection handshake success,suc count=2
info|2022-11-16 20:25:54.584495|[EVENT][SUB][start]start event sub successfully,sendMsgTimeout=-1,reconnectPeriod=20000
info|2022-11-16 20:25:54.584543|[SDK][WS][SERVICE][start]websocket service is running
info|2022-11-16 20:25:54.689395|[RPCWS][SERVICE][waitForConnectionEstablish]wait for websocket connection handshake success,suc count=2
info|2022-11-16 20:25:54.689555|[bcos_sdk_start],sdk=0x600000882300
info|2022-11-16 20:25:54.695675|[findClass]add class to cache,fullClassName=org/fisco/bcos/sdk/jni/common/Response
info|2022-11-16 20:25:54.695716|[RPCWS][SERVICE][getGroupInfo],count=2
info|2022-11-16 20:25:54.696699|[RPC][IMPL][getGroupInfo][get group info from cache],hitCache=true,response={"id":1,"jsonrpc":"2.0","result":{"chainID":"chain0","genesisConfig":"{\"blockTxCountLimit\":1000,\"consensusLeaderPeriod\":1,\"consensusType\":\"pbft\",\"sealerList\":[{\"nodeID\":\"abdbb6097ece1931d4d5400fd1ff6a588690d8f0ad1b860168082a5573efc618af7a9bcc78239331236f345075787b384701da53a5a9b0114a5e8e5e2598a05a\",\"weight\":1},{\"nodeID\":\"bfb7c5953db92b67f8b2d749193e5243e13bfe56ff3425db3089a29a1ddc68e9daf5db0568a0478ed924f8512125a3da3cf7328bcd093b8ffa37f7b80a1a5fa6\",\"weight\":1}],\"txGasLimit\":3000000000}\n","groupID":"group0","iniConfig":"","nodeList":[{"iniConfig":"{\"binaryInfo\":{\"buildTime\":\"20220926 10:16:30\",\"gitCommitHash\":\"fb89117c47a7fefa6d5b4aa805577fd602f5cecc\",\"platform\":\"Darwin/appleclang\",\"version\":\"3.0.1\"},\"chainID\":\"chain0\",\"gatewayServiceName\":\"\",\"groupID\":\"group0\",\"isAuthCheck\":false,\"isSerialExecute\":false,\"isWasm\":false,\"nodeID\":\"abdbb6097ece1931d4d5400fd1ff6a588690d8f0ad1b860168082a5573efc618af7a9bcc78239331236f345075787b384701da53a5a9b0114a5e8e5e2598a05a\",\"nodeName\":\"abdbb6097ece1931d4d5400fd1ff6a588690d8f0ad1b860168082a5573efc618af7a9bcc78239331236f345075787b384701da53a5a9b0114a5e8e5e2598a05a\",\"rpcServiceName\":\"\",\"smCryptoType\":false}\n","name":"abdbb6097ece1931d4d5400fd1ff6a588690d8f0ad1b860168082a5573efc618af7a9bcc78239331236f345075787b384701da53a5a9b0114a5e8e5e2598a05a","protocol":{"compatibilityVersion":50331648,"maxSupportedVersion":1,"minSupportedVersion":0},"serviceInfo":[{"serviceName":"LedgerServiceObj","type":2},{"serviceName":"SchedulerServiceObj","type":3},{"serviceName":"FrontServiceObj","type":4},{"serviceName":"","type":6},{"serviceName":"","type":7},{"serviceName":"TxPoolServiceObj","type":8}],"type":0},{"iniConfig":"{\"binaryInfo\":{\"buildTime\":\"20220926 10:16:30\",\"gitCommitHash\":\"fb89117c47a7fefa6d5b4aa805577fd602f5cecc\",\"platform\":\"Darwin/appleclang\",\"version\":\"3.0.1\"},\"chainID\":\"chain0\",\"gatewayServiceName\":\"\",\"groupID\":\"group0\",\"isAuthCheck\":false,\"isSerialExecute\":false,\"isWasm\":false,\"nodeID\":\"bfb7c5953db92b67f8b2d749193e5243e13bfe56ff3425db3089a29a1ddc68e9daf5db0568a0478ed924f8512125a3da3cf7328bcd093b8ffa37f7b80a1a5fa6\",\"nodeName\":\"bfb7c5953db92b67f8b2d749193e5243e13bfe56ff3425db3089a29a1ddc68e9daf5db0568a0478ed924f8512125a3da3cf7328bcd093b8ffa37f7b80a1a5fa6\",\"rpcServiceName\":\"\",\"smCryptoType\":false}\n","name":"bfb7c5953db92b67f8b2d749193e5243e13bfe56ff3425db3089a29a1ddc68e9daf5db0568a0478ed924f8512125a3da3cf7328bcd093b8ffa37f7b80a1a5fa6","protocol":{"compatibilityVersion":50331648,"maxSupportedVersion":1,"minSupportedVersion":0},"serviceInfo":[{"serviceName":"LedgerServiceObj","type":2},{"serviceName":"SchedulerServiceObj","type":3},{"serviceName":"FrontServiceObj","type":4},{"serviceName":"","type":6},{"serviceName":"","type":7},{"serviceName":"TxPoolServiceObj","type":8}],"type":0}],"smCryptoType":false,"wasm":false}}
info|2022-11-16 20:25:57.205558|[RPC][BLOCK][NUMBER][fromJson],group=group0,node=bfb7c5953db92b67f8b2d749193e5243e13bfe56ff3425db3089a29a1ddc68e9daf5db0568a0478ed924f8512125a3da3cf7328bcd093b8ffa37f7b80a1a5fa6,blockNumber=1
info|2022-11-16 20:25:57.205578|[RPC][BLOCK][NUMBER][fromJson],group=group0,node=abdbb6097ece1931d4d5400fd1ff6a588690d8f0ad1b860168082a5573efc618af7a9bcc78239331236f345075787b384701da53a5a9b0114a5e8e5e2598a05a,blockNumber=1
info|2022-11-16 20:25:57.205583|[RPCWS][SERVICE][onRecvBlockNotifier]receive block number notifier,group=group0,node=bfb7c5953db92b67f8b2d749193e5243e13bfe56ff3425db3089a29a1ddc68e9daf5db0568a0478ed924f8512125a3da3cf7328bcd093b8ffa37f7b80a1a5fa6,blockNumber=1
info|2022-11-16 20:25:57.205591|[RPCWS][SERVICE][onRecvBlockNotifier]receive block number notifier,group=group0,node=abdbb6097ece1931d4d5400fd1ff6a588690d8f0ad1b860168082a5573efc618af7a9bcc78239331236f345075787b384701da53a5a9b0114a5e8e5e2598a05a,blockNumber=1
info|2022-11-16 20:25:57.205602|[RPCWS][SERVICE][updateGroupBlockNumber],groupID=group0,_blockNumber=1
info|2022-11-16 20:25:57.205619|[RPCWS][SERVICE][onRecvBlockNotifier]block notifier callback,group=group0,node=bfb7c5953db92b67f8b2d749193e5243e13bfe56ff3425db3089a29a1ddc68e9daf5db0568a0478ed924f8512125a3da3cf7328bcd093b8ffa37f7b80a1a5fa6,blockNumber=1
info|2022-11-16 20:25:57.205634|[WS]receive block notify,endpoint=127.0.0.1:20200,blk={
	"blockNumber" : 1,
	"group" : "group0",
	"nodeName" : "abdbb6097ece1931d4d5400fd1ff6a588690d8f0ad1b860168082a5573efc618af7a9bcc78239331236f345075787b384701da53a5a9b0114a5e8e5e2598a05a"
}
info|2022-11-16 20:25:57.205644|[WS]receive block notify,endpoint=127.0.0.1:20201,blk={
	"blockNumber" : 1,
	"group" : "group0",
	"nodeName" : "bfb7c5953db92b67f8b2d749193e5243e13bfe56ff3425db3089a29a1ddc68e9daf5db0568a0478ed924f8512125a3da3cf7328bcd093b8ffa37f7b80a1a5fa6"
}
info|2022-11-16 20:25:57.224412|[SDK][WS][SERVICE][start]websocket service is running
info|2022-11-16 20:25:57.326867|[RPCWS][SERVICE][waitForConnectionEstablish]wait for websocket connection handshake success,suc count=2
info|2022-11-16 20:25:57.326899|[RPC][IMPL][start]start rpc
info|2022-11-16 20:25:57.326905|[SDK][WS][SERVICE][start]websocket service is running
info|2022-11-16 20:25:57.431512|[RPCWS][SERVICE][waitForConnectionEstablish]wait for websocket connection handshake success,suc count=2
info|2022-11-16 20:25:57.431551|[AMOP][CLIENT][start]start amop
info|2022-11-16 20:25:57.431558|[EVENT][SUB][start]event sub is running
info|2022-11-16 20:25:57.431561|[SDK][WS][SERVICE][start]websocket service is running
info|2022-11-16 20:25:57.536177|[RPCWS][SERVICE][waitForConnectionEstablish]wait for websocket connection handshake success,suc count=2
info|2022-11-16 20:25:57.536200|[bcos_sdk_start],sdk=0x600000882300
info|2022-11-16 20:25:57.536236|[RPCWS][SERVICE][getGroupInfo],count=2
info|2022-11-16 20:25:57.536383|[RPC][IMPL][getGroupInfo][get group info from cache],hitCache=true,response={"id":2,"jsonrpc":"2.0","result":{"chainID":"chain0","genesisConfig":"{\"blockTxCountLimit\":1000,\"consensusLeaderPeriod\":1,\"consensusType\":\"pbft\",\"sealerList\":[{\"nodeID\":\"abdbb6097ece1931d4d5400fd1ff6a588690d8f0ad1b860168082a5573efc618af7a9bcc78239331236f345075787b384701da53a5a9b0114a5e8e5e2598a05a\",\"weight\":1},{\"nodeID\":\"bfb7c5953db92b67f8b2d749193e5243e13bfe56ff3425db3089a29a1ddc68e9daf5db0568a0478ed924f8512125a3da3cf7328bcd093b8ffa37f7b80a1a5fa6\",\"weight\":1}],\"txGasLimit\":3000000000}\n","groupID":"group0","iniConfig":"","nodeList":[{"iniConfig":"{\"binaryInfo\":{\"buildTime\":\"20220926 10:16:30\",\"gitCommitHash\":\"fb89117c47a7fefa6d5b4aa805577fd602f5cecc\",\"platform\":\"Darwin/appleclang\",\"version\":\"3.0.1\"},\"chainID\":\"chain0\",\"gatewayServiceName\":\"\",\"groupID\":\"group0\",\"isAuthCheck\":false,\"isSerialExecute\":false,\"isWasm\":false,\"nodeID\":\"abdbb6097ece1931d4d5400fd1ff6a588690d8f0ad1b860168082a5573efc618af7a9bcc78239331236f345075787b384701da53a5a9b0114a5e8e5e2598a05a\",\"nodeName\":\"abdbb6097ece1931d4d5400fd1ff6a588690d8f0ad1b860168082a5573efc618af7a9bcc78239331236f345075787b384701da53a5a9b0114a5e8e5e2598a05a\",\"rpcServiceName\":\"\",\"smCryptoType\":false}\n","name":"abdbb6097ece1931d4d5400fd1ff6a588690d8f0ad1b860168082a5573efc618af7a9bcc78239331236f345075787b384701da53a5a9b0114a5e8e5e2598a05a","protocol":{"compatibilityVersion":50331648,"maxSupportedVersion":1,"minSupportedVersion":0},"serviceInfo":[{"serviceName":"LedgerServiceObj","type":2},{"serviceName":"SchedulerServiceObj","type":3},{"serviceName":"FrontServiceObj","type":4},{"serviceName":"","type":6},{"serviceName":"","type":7},{"serviceName":"TxPoolServiceObj","type":8}],"type":0},{"iniConfig":"{\"binaryInfo\":{\"buildTime\":\"20220926 10:16:30\",\"gitCommitHash\":\"fb89117c47a7fefa6d5b4aa805577fd602f5cecc\",\"platform\":\"Darwin/appleclang\",\"version\":\"3.0.1\"},\"chainID\":\"chain0\",\"gatewayServiceName\":\"\",\"groupID\":\"group0\",\"isAuthCheck\":false,\"isSerialExecute\":false,\"isWasm\":false,\"nodeID\":\"bfb7c5953db92b67f8b2d749193e5243e13bfe56ff3425db3089a29a1ddc68e9daf5db0568a0478ed924f8512125a3da3cf7328bcd093b8ffa37f7b80a1a5fa6\",\"nodeName\":\"bfb7c5953db92b67f8b2d749193e5243e13bfe56ff3425db3089a29a1ddc68e9daf5db0568a0478ed924f8512125a3da3cf7328bcd093b8ffa37f7b80a1a5fa6\",\"rpcServiceName\":\"\",\"smCryptoType\":false}\n","name":"bfb7c5953db92b67f8b2d749193e5243e13bfe56ff3425db3089a29a1ddc68e9daf5db0568a0478ed924f8512125a3da3cf7328bcd093b8ffa37f7b80a1a5fa6","protocol":{"compatibilityVersion":50331648,"maxSupportedVersion":1,"minSupportedVersion":0},"serviceInfo":[{"serviceName":"LedgerServiceObj","type":2},{"serviceName":"SchedulerServiceObj","type":3},{"serviceName":"FrontServiceObj","type":4},{"serviceName":"","type":6},{"serviceName":"","type":7},{"serviceName":"TxPoolServiceObj","type":8}],"type":0}],"smCryptoType":false,"wasm":false}}
info|2022-11-16 20:25:57.769149|[RPC][BLOCK][NUMBER][fromJson],group=group0,node=abdbb6097ece1931d4d5400fd1ff6a588690d8f0ad1b860168082a5573efc618af7a9bcc78239331236f345075787b384701da53a5a9b0114a5e8e5e2598a05a,blockNumber=2
info|2022-11-16 20:25:57.769168|[RPCWS][SERVICE][onRecvBlockNotifier]receive block number notifier,group=group0,node=abdbb6097ece1931d4d5400fd1ff6a588690d8f0ad1b860168082a5573efc618af7a9bcc78239331236f345075787b384701da53a5a9b0114a5e8e5e2598a05a,blockNumber=2
info|2022-11-16 20:25:57.769175|[RPCWS][SERVICE][updateGroupBlockNumber],groupID=group0,_blockNumber=2
info|2022-11-16 20:25:57.769182|[RPCWS][SERVICE][onRecvBlockNotifier]block notifier callback,group=group0,node=abdbb6097ece1931d4d5400fd1ff6a588690d8f0ad1b860168082a5573efc618af7a9bcc78239331236f345075787b384701da53a5a9b0114a5e8e5e2598a05a,blockNumber=2
info|2022-11-16 20:25:57.769204|[WS]receive block notify,endpoint=127.0.0.1:20200,blk={
	"blockNumber" : 2,
	"group" : "group0",
	"nodeName" : "abdbb6097ece1931d4d5400fd1ff6a588690d8f0ad1b860168082a5573efc618af7a9bcc78239331236f345075787b384701da53a5a9b0114a5e8e5e2598a05a"
}
info|2022-11-16 20:25:57.769454|[RPC][BLOCK][NUMBER][fromJson],group=group0,node=bfb7c5953db92b67f8b2d749193e5243e13bfe56ff3425db3089a29a1ddc68e9daf5db0568a0478ed924f8512125a3da3cf7328bcd093b8ffa37f7b80a1a5fa6,blockNumber=2
info|2022-11-16 20:25:57.769469|[RPCWS][SERVICE][onRecvBlockNotifier]receive block number notifier,group=group0,node=bfb7c5953db92b67f8b2d749193e5243e13bfe56ff3425db3089a29a1ddc68e9daf5db0568a0478ed924f8512125a3da3cf7328bcd093b8ffa37f7b80a1a5fa6,blockNumber=2
info|2022-11-16 20:25:57.769478|[WS]receive block notify,endpoint=127.0.0.1:20201,blk={
	"blockNumber" : 2,
	"group" : "group0",
	"nodeName" : "bfb7c5953db92b67f8b2d749193e5243e13bfe56ff3425db3089a29a1ddc68e9daf5db0568a0478ed924f8512125a3da3cf7328bcd093b8ffa37f7b80a1a5fa6"
}
info|2022-11-16 20:25:57.772946|[SDK][WS][SERVICE][start]websocket service is running
info|2022-11-16 20:25:57.877595|[RPCWS][SERVICE][waitForConnectionEstablish]wait for websocket connection handshake success,suc count=2
info|2022-11-16 20:25:57.877631|[RPC][IMPL][start]start rpc
info|2022-11-16 20:25:57.877637|[SDK][WS][SERVICE][start]websocket service is running
info|2022-11-16 20:25:57.982375|[RPCWS][SERVICE][waitForConnectionEstablish]wait for websocket connection handshake success,suc count=2
info|2022-11-16 20:25:57.982433|[AMOP][CLIENT][start]start amop
info|2022-11-16 20:25:57.982440|[EVENT][SUB][start]event sub is running
info|2022-11-16 20:25:57.982445|[SDK][WS][SERVICE][start]websocket service is running
info|2022-11-16 20:25:58.087196|[RPCWS][SERVICE][waitForConnectionEstablish]wait for websocket connection handshake success,suc count=2
info|2022-11-16 20:25:58.087221|[bcos_sdk_start],sdk=0x600000882300
info|2022-11-16 20:25:58.087267|[RPCWS][SERVICE][getGroupInfo],count=2
info|2022-11-16 20:25:58.087406|[RPC][IMPL][getGroupInfo][get group info from cache],hitCache=true,response={"id":3,"jsonrpc":"2.0","result":{"chainID":"chain0","genesisConfig":"{\"blockTxCountLimit\":1000,\"consensusLeaderPeriod\":1,\"consensusType\":\"pbft\",\"sealerList\":[{\"nodeID\":\"abdbb6097ece1931d4d5400fd1ff6a588690d8f0ad1b860168082a5573efc618af7a9bcc78239331236f345075787b384701da53a5a9b0114a5e8e5e2598a05a\",\"weight\":1},{\"nodeID\":\"bfb7c5953db92b67f8b2d749193e5243e13bfe56ff3425db3089a29a1ddc68e9daf5db0568a0478ed924f8512125a3da3cf7328bcd093b8ffa37f7b80a1a5fa6\",\"weight\":1}],\"txGasLimit\":3000000000}\n","groupID":"group0","iniConfig":"","nodeList":[{"iniConfig":"{\"binaryInfo\":{\"buildTime\":\"20220926 10:16:30\",\"gitCommitHash\":\"fb89117c47a7fefa6d5b4aa805577fd602f5cecc\",\"platform\":\"Darwin/appleclang\",\"version\":\"3.0.1\"},\"chainID\":\"chain0\",\"gatewayServiceName\":\"\",\"groupID\":\"group0\",\"isAuthCheck\":false,\"isSerialExecute\":false,\"isWasm\":false,\"nodeID\":\"abdbb6097ece1931d4d5400fd1ff6a588690d8f0ad1b860168082a5573efc618af7a9bcc78239331236f345075787b384701da53a5a9b0114a5e8e5e2598a05a\",\"nodeName\":\"abdbb6097ece1931d4d5400fd1ff6a588690d8f0ad1b860168082a5573efc618af7a9bcc78239331236f345075787b384701da53a5a9b0114a5e8e5e2598a05a\",\"rpcServiceName\":\"\",\"smCryptoType\":false}\n","name":"abdbb6097ece1931d4d5400fd1ff6a588690d8f0ad1b860168082a5573efc618af7a9bcc78239331236f345075787b384701da53a5a9b0114a5e8e5e2598a05a","protocol":{"compatibilityVersion":50331648,"maxSupportedVersion":1,"minSupportedVersion":0},"serviceInfo":[{"serviceName":"LedgerServiceObj","type":2},{"serviceName":"SchedulerServiceObj","type":3},{"serviceName":"FrontServiceObj","type":4},{"serviceName":"","type":6},{"serviceName":"","type":7},{"serviceName":"TxPoolServiceObj","type":8}],"type":0},{"iniConfig":"{\"binaryInfo\":{\"buildTime\":\"20220926 10:16:30\",\"gitCommitHash\":\"fb89117c47a7fefa6d5b4aa805577fd602f5cecc\",\"platform\":\"Darwin/appleclang\",\"version\":\"3.0.1\"},\"chainID\":\"chain0\",\"gatewayServiceName\":\"\",\"groupID\":\"group0\",\"isAuthCheck\":false,\"isSerialExecute\":false,\"isWasm\":false,\"nodeID\":\"bfb7c5953db92b67f8b2d749193e5243e13bfe56ff3425db3089a29a1ddc68e9daf5db0568a0478ed924f8512125a3da3cf7328bcd093b8ffa37f7b80a1a5fa6\",\"nodeName\":\"bfb7c5953db92b67f8b2d749193e5243e13bfe56ff3425db3089a29a1ddc68e9daf5db0568a0478ed924f8512125a3da3cf7328bcd093b8ffa37f7b80a1a5fa6\",\"rpcServiceName\":\"\",\"smCryptoType\":false}\n","name":"bfb7c5953db92b67f8b2d749193e5243e13bfe56ff3425db3089a29a1ddc68e9daf5db0568a0478ed924f8512125a3da3cf7328bcd093b8ffa37f7b80a1a5fa6","protocol":{"compatibilityVersion":50331648,"maxSupportedVersion":1,"minSupportedVersion":0},"serviceInfo":[{"serviceName":"LedgerServiceObj","type":2},{"serviceName":"SchedulerServiceObj","type":3},{"serviceName":"FrontServiceObj","type":4},{"serviceName":"","type":6},{"serviceName":"","type":7},{"serviceName":"TxPoolServiceObj","type":8}],"type":0}],"smCryptoType":false,"wasm":false}}
info|2022-11-16 20:25:58.277577|[RPC][BLOCK][NUMBER][fromJson],group=group0,node=abdbb6097ece1931d4d5400fd1ff6a588690d8f0ad1b860168082a5573efc618af7a9bcc78239331236f345075787b384701da53a5a9b0114a5e8e5e2598a05a,blockNumber=3
info|2022-11-16 20:25:58.277603|[RPC][BLOCK][NUMBER][fromJson],group=group0,node=bfb7c5953db92b67f8b2d749193e5243e13bfe56ff3425db3089a29a1ddc68e9daf5db0568a0478ed924f8512125a3da3cf7328bcd093b8ffa37f7b80a1a5fa6,blockNumber=3
info|2022-11-16 20:25:58.277619|[RPCWS][SERVICE][onRecvBlockNotifier]receive block number notifier,group=group0,node=abdbb6097ece1931d4d5400fd1ff6a588690d8f0ad1b860168082a5573efc618af7a9bcc78239331236f345075787b384701da53a5a9b0114a5e8e5e2598a05a,blockNumber=3
info|2022-11-16 20:25:58.277634|[RPCWS][SERVICE][updateGroupBlockNumber],groupID=group0,_blockNumber=3
info|2022-11-16 20:25:58.277630|[RPCWS][SERVICE][onRecvBlockNotifier]receive block number notifier,group=group0,node=bfb7c5953db92b67f8b2d749193e5243e13bfe56ff3425db3089a29a1ddc68e9daf5db0568a0478ed924f8512125a3da3cf7328bcd093b8ffa37f7b80a1a5fa6,blockNumber=3
info|2022-11-16 20:25:58.277644|[RPCWS][SERVICE][onRecvBlockNotifier]block notifier callback,group=group0,node=abdbb6097ece1931d4d5400fd1ff6a588690d8f0ad1b860168082a5573efc618af7a9bcc78239331236f345075787b384701da53a5a9b0114a5e8e5e2598a05a,blockNumber=3
info|2022-11-16 20:25:58.277650|[WS]receive block notify,endpoint=127.0.0.1:20200,blk={
	"blockNumber" : 3,
	"group" : "group0",
	"nodeName" : "abdbb6097ece1931d4d5400fd1ff6a588690d8f0ad1b860168082a5573efc618af7a9bcc78239331236f345075787b384701da53a5a9b0114a5e8e5e2598a05a"
}
info|2022-11-16 20:25:58.277660|[WS]receive block notify,endpoint=127.0.0.1:20201,blk={
	"blockNumber" : 3,
	"group" : "group0",
	"nodeName" : "bfb7c5953db92b67f8b2d749193e5243e13bfe56ff3425db3089a29a1ddc68e9daf5db0568a0478ed924f8512125a3da3cf7328bcd093b8ffa37f7b80a1a5fa6"
}
info|2022-11-16 20:26:14.271021|[SDK][WS][SERVICE]connected nodes,count=2
info|2022-11-16 20:26:14.585915|[EVENT][SUB][doLoop]event sub tasks report,working event sub count=0,suspend event sub count=0
info|2022-11-16 20:26:34.271821|[SDK][WS][SERVICE]connected nodes,count=2
info|2022-11-16 20:26:34.587401|[EVENT][SUB][doLoop]event sub tasks report,working event sub count=0,suspend event sub count=0
info|2022-11-16 20:26:54.273340|[SDK][WS][SERVICE]connected nodes,count=2
info|2022-11-16 20:26:54.588391|[EVENT][SUB][doLoop]event sub tasks report,working event sub count=0,suspend event sub count=0
info|2022-11-16 20:27:14.274446|[SDK][WS][SERVICE]connected nodes,count=2
info|2022-11-16 20:27:14.589728|[EVENT][SUB][doLoop]event sub tasks report,working event sub count=0,suspend event sub count=0
info|2022-11-16 20:27:34.276217|[SDK][WS][SERVICE]connected nodes,count=2
info|2022-11-16 20:27:34.591327|[EVENT][SUB][doLoop]event sub tasks report,working event sub count=0,suspend event sub count=0
info|2022-11-16 20:27:54.278044|[SDK][WS][SERVICE]connected nodes,count=2
info|2022-11-16 20:27:54.592334|[EVENT][SUB][doLoop]event sub tasks report,working event sub count=0,suspend event sub count=0
info|2022-11-16 20:28:14.278341|[SDK][WS][SERVICE]connected nodes,count=2
info|2022-11-16 20:28:14.468402|[EVENT][SUB][doLoop]event sub tasks report,working event sub count=0,suspend event sub count=0
info|2022-11-16 20:28:34.278955|[SDK][WS][SERVICE]connected nodes,count=2
info|2022-11-16 20:28:34.468822|[EVENT][SUB][doLoop]event sub tasks report,working event sub count=0,suspend event sub count=0
info|2022-11-16 20:28:54.279984|[SDK][WS][SERVICE]connected nodes,count=2
info|2022-11-16 20:28:54.469595|[EVENT][SUB][doLoop]event sub tasks report,working event sub count=0,suspend event sub count=0
info|2022-11-16 20:29:14.280504|[SDK][WS][SERVICE]connected nodes,count=2
info|2022-11-16 20:29:14.470229|[EVENT][SUB][doLoop]event sub tasks report,working event sub count=0,suspend event sub count=0
info|2022-11-16 20:29:34.280995|[SDK][WS][SERVICE]connected nodes,count=2
info|2022-11-16 20:29:34.470832|[EVENT][SUB][doLoop]event sub tasks report,working event sub count=0,suspend event sub count=0
info|2022-11-16 20:29:54.282348|[SDK][WS][SERVICE]connected nodes,count=2
info|2022-11-16 20:29:54.471558|[EVENT][SUB][doLoop]event sub tasks report,working event sub count=0,suspend event sub count=0
info|2022-11-16 20:30:14.282503|[SDK][WS][SERVICE]connected nodes,count=2
info|2022-11-16 20:30:14.471599|[EVENT][SUB][doLoop]event sub tasks report,working event sub count=0,suspend event sub count=0
info|2022-11-16 20:30:34.283633|[SDK][WS][SERVICE]connected nodes,count=2
info|2022-11-16 20:30:34.472532|[EVENT][SUB][doLoop]event sub tasks report,working event sub count=0,suspend event sub count=0
info|2022-11-16 20:30:54.285107|[SDK][WS][SERVICE]connected nodes,count=2
info|2022-11-16 20:30:54.473472|[EVENT][SUB][doLoop]event sub tasks report,working event sub count=0,suspend event sub count=0
info|2022-11-16 20:31:14.285371|[SDK][WS][SERVICE]connected nodes,count=2
info|2022-11-16 20:31:14.474007|[EVENT][SUB][doLoop]event sub tasks report,working event sub count=0,suspend event sub count=0
info|2022-11-16 20:31:34.285611|[SDK][WS][SERVICE]connected nodes,count=2
info|2022-11-16 20:31:34.474142|[EVENT][SUB][doLoop]event sub tasks report,working event sub count=0,suspend event sub count=0
info|2022-11-16 20:31:54.285803|[SDK][WS][SERVICE]connected nodes,count=2
info|2022-11-16 20:31:54.474874|[EVENT][SUB][doLoop]event sub tasks report,working event sub count=0,suspend event sub count=0
info|2022-11-16 20:32:14.286004|[SDK][WS][SERVICE]connected nodes,count=2
info|2022-11-16 20:32:14.475727|[EVENT][SUB][doLoop]event sub tasks report,working event sub count=0,suspend event sub count=0
info|2022-11-16 20:32:34.286242|[SDK][WS][SERVICE]connected nodes,count=2
info|2022-11-16 20:32:34.475619|[EVENT][SUB][doLoop]event sub tasks report,working event sub count=0,suspend event sub count=0
info|2022-11-16 20:32:54.286455|[SDK][WS][SERVICE]connected nodes,count=2
info|2022-11-16 20:32:54.475956|[EVENT][SUB][doLoop]event sub tasks report,working event sub count=0,suspend event sub count=0
info|2022-11-16 20:33:14.286560|[SDK][WS][SERVICE]connected nodes,count=2
info|2022-11-16 20:33:14.475874|[EVENT][SUB][doLoop]event sub tasks report,working event sub count=0,suspend event sub count=0
info|2022-11-16 20:33:34.286924|[SDK][WS][SERVICE]connected nodes,count=2
info|2022-11-16 20:33:34.476565|[EVENT][SUB][doLoop]event sub tasks report,working event sub count=0,suspend event sub count=0
info|2022-11-16 20:33:54.287321|[SDK][WS][SERVICE]connected nodes,count=2
info|2022-11-16 20:33:54.477478|[EVENT][SUB][doLoop]event sub tasks report,working event sub count=0,suspend event sub count=0
info|2022-11-16 20:34:14.287878|[SDK][WS][SERVICE]connected nodes,count=2
info|2022-11-16 20:34:14.477954|[EVENT][SUB][doLoop]event sub tasks report,working event sub count=0,suspend event sub count=0
info|2022-11-16 20:34:34.288590|[SDK][WS][SERVICE]connected nodes,count=2
info|2022-11-16 20:34:34.478180|[EVENT][SUB][doLoop]event sub tasks report,working event sub count=0,suspend event sub count=0
info|2022-11-16 20:34:54.288822|[SDK][WS][SERVICE]connected nodes,count=2
info|2022-11-16 20:34:54.478050|[EVENT][SUB][doLoop]event sub tasks report,working event sub count=0,suspend event sub count=0
info|2022-11-16 20:35:14.289446|[SDK][WS][SERVICE]connected nodes,count=2
info|2022-11-16 20:35:14.478406|[EVENT][SUB][doLoop]event sub tasks report,working event sub count=0,suspend event sub count=0
info|2022-11-16 20:35:34.290135|[SDK][WS][SERVICE]connected nodes,count=2
info|2022-11-16 20:35:34.479194|[EVENT][SUB][doLoop]event sub tasks report,working event sub count=0,suspend event sub count=0
info|2022-11-16 20:35:54.290867|[SDK][WS][SERVICE]connected nodes,count=2
info|2022-11-16 20:35:54.479556|[EVENT][SUB][doLoop]event sub tasks report,working event sub count=0,suspend event sub count=0
info|2022-11-16 20:36:14.291652|[SDK][WS][SERVICE]connected nodes,count=2
info|2022-11-16 20:36:14.479793|[EVENT][SUB][doLoop]event sub tasks report,working event sub count=0,suspend event sub count=0
info|2022-11-16 20:36:34.291774|[SDK][WS][SERVICE]connected nodes,count=2
info|2022-11-16 20:36:34.480580|[EVENT][SUB][doLoop]event sub tasks report,working event sub count=0,suspend event sub count=0
info|2022-11-16 20:36:54.291894|[SDK][WS][SERVICE]connected nodes,count=2
info|2022-11-16 20:36:54.481073|[EVENT][SUB][doLoop]event sub tasks report,working event sub count=0,suspend event sub count=0
info|2022-11-16 20:37:14.291963|[SDK][WS][SERVICE]connected nodes,count=2
info|2022-11-16 20:37:14.481479|[EVENT][SUB][doLoop]event sub tasks report,working event sub count=0,suspend event sub count=0
info|2022-11-16 20:37:34.292774|[SDK][WS][SERVICE]connected nodes,count=2
info|2022-11-16 20:37:34.481347|[EVENT][SUB][doLoop]event sub tasks report,working event sub count=0,suspend event sub count=0
info|2022-11-16 20:37:54.292870|[SDK][WS][SERVICE]connected nodes,count=2
info|2022-11-16 20:37:54.483023|[EVENT][SUB][doLoop]event sub tasks report,working event sub count=0,suspend event sub count=0
info|2022-11-16 20:38:14.292985|[SDK][WS][SERVICE]connected nodes,count=2
info|2022-11-16 20:38:14.481920|[EVENT][SUB][doLoop]event sub tasks report,working event sub count=0,suspend event sub count=0
info|2022-11-16 20:38:34.293683|[SDK][WS][SERVICE]connected nodes,count=2
info|2022-11-16 20:38:34.482342|[EVENT][SUB][doLoop]event sub tasks report,working event sub count=0,suspend event sub count=0
info|2022-11-16 20:38:54.294511|[SDK][WS][SERVICE]connected nodes,count=2
info|2022-11-16 20:38:54.482969|[EVENT][SUB][doLoop]event sub tasks report,working event sub count=0,suspend event sub count=0
info|2022-11-16 20:39:14.294642|[SDK][WS][SERVICE]connected nodes,count=2
info|2022-11-16 20:39:14.482908|[EVENT][SUB][doLoop]event sub tasks report,working event sub count=0,suspend event sub count=0
info|2022-11-16 20:39:34.294998|[SDK][WS][SERVICE]connected nodes,count=2
info|2022-11-16 20:39:34.483762|[EVENT][SUB][doLoop]event sub tasks report,working event sub count=0,suspend event sub count=0
info|2022-11-16 20:39:54.295043|[SDK][WS][SERVICE]connected nodes,count=2
info|2022-11-16 20:39:54.484590|[EVENT][SUB][doLoop]event sub tasks report,working event sub count=0,suspend event sub count=0
info|2022-11-16 20:40:14.295776|[SDK][WS][SERVICE]connected nodes,count=2
info|2022-11-16 20:40:14.484402|[EVENT][SUB][doLoop]event sub tasks report,working event sub count=0,suspend event sub count=0
info|2022-11-16 20:40:34.295869|[SDK][WS][SERVICE]connected nodes,count=2
info|2022-11-16 20:40:34.485013|[EVENT][SUB][doLoop]event sub tasks report,working event sub count=0,suspend event sub count=0
info|2022-11-16 20:40:54.297222|[SDK][WS][SERVICE]connected nodes,count=2
info|2022-11-16 20:40:54.485373|[EVENT][SUB][doLoop]event sub tasks report,working event sub count=0,suspend event sub count=0
info|2022-11-16 20:41:14.297365|[SDK][WS][SERVICE]connected nodes,count=2
info|2022-11-16 20:41:14.485996|[EVENT][SUB][doLoop]event sub tasks report,working event sub count=0,suspend event sub count=0
info|2022-11-16 20:41:34.297563|[SDK][WS][SERVICE]connected nodes,count=2
info|2022-11-16 20:41:34.486403|[EVENT][SUB][doLoop]event sub tasks report,working event sub count=0,suspend event sub count=0
info|2022-11-16 20:41:54.297694|[SDK][WS][SERVICE]connected nodes,count=2
info|2022-11-16 20:41:54.486955|[EVENT][SUB][doLoop]event sub tasks report,working event sub count=0,suspend event sub count=0
info|2022-11-16 20:42:14.298718|[SDK][WS][SERVICE]connected nodes,count=2
info|2022-11-16 20:42:14.487701|[EVENT][SUB][doLoop]event sub tasks report,working event sub count=0,suspend event sub count=0
info|2022-11-16 20:42:34.299181|[SDK][WS][SERVICE]connected nodes,count=2
info|2022-11-16 20:42:34.488516|[EVENT][SUB][doLoop]event sub tasks report,working event sub count=0,suspend event sub count=0
info|2022-11-16 20:42:54.299505|[SDK][WS][SERVICE]connected nodes,count=2
info|2022-11-16 20:42:54.488435|[EVENT][SUB][doLoop]event sub tasks report,working event sub count=0,suspend event sub count=0
info|2022-11-16 20:43:14.300736|[SDK][WS][SERVICE]connected nodes,count=2
info|2022-11-16 20:43:14.489428|[EVENT][SUB][doLoop]event sub tasks report,working event sub count=0,suspend event sub count=0
info|2022-11-16 20:43:34.376241|[SDK][WS][SERVICE]connected nodes,count=2
info|2022-11-16 20:43:34.565309|[EVENT][SUB][doLoop]event sub tasks report,working event sub count=0,suspend event sub count=0
info|2022-11-16 20:43:54.377429|[SDK][WS][SERVICE]connected nodes,count=2
info|2022-11-16 20:43:54.566579|[EVENT][SUB][doLoop]event sub tasks report,working event sub count=0,suspend event sub count=0
info|2022-11-16 20:44:14.378700|[SDK][WS][SERVICE]connected nodes,count=2
info|2022-11-16 20:44:14.568126|[EVENT][SUB][doLoop]event sub tasks report,working event sub count=0,suspend event sub count=0
info|2022-11-16 20:44:34.380375|[SDK][WS][SERVICE]connected nodes,count=2
info|2022-11-16 20:44:34.568789|[EVENT][SUB][doLoop]event sub tasks report,working event sub count=0,suspend event sub count=0
info|2022-11-16 20:44:54.381872|[SDK][WS][SERVICE]connected nodes,count=2
info|2022-11-16 20:44:54.569954|[EVENT][SUB][doLoop]event sub tasks report,working event sub count=0,suspend event sub count=0
info|2022-11-16 20:45:14.383212|[SDK][WS][SERVICE]connected nodes,count=2
info|2022-11-16 20:45:14.571239|[EVENT][SUB][doLoop]event sub tasks report,working event sub count=0,suspend event sub count=0
info|2022-11-16 20:45:34.384753|[SDK][WS][SERVICE]connected nodes,count=2
info|2022-11-16 20:45:34.572010|[EVENT][SUB][doLoop]event sub tasks report,working event sub count=0,suspend event sub count=0
info|2022-11-16 20:45:54.386111|[SDK][WS][SERVICE]connected nodes,count=2
info|2022-11-16 20:45:54.573314|[EVENT][SUB][doLoop]event sub tasks report,working event sub count=0,suspend event sub count=0
info|2022-11-16 20:46:14.387876|[SDK][WS][SERVICE]connected nodes,count=2
info|2022-11-16 20:46:14.574019|[EVENT][SUB][doLoop]event sub tasks report,working event sub count=0,suspend event sub count=0
info|2022-11-16 20:46:34.389323|[SDK][WS][SERVICE]connected nodes,count=2
info|2022-11-16 20:46:34.574942|[EVENT][SUB][doLoop]event sub tasks report,working event sub count=0,suspend event sub count=0
info|2022-11-16 20:46:54.390976|[SDK][WS][SERVICE]connected nodes,count=2
info|2022-11-16 20:46:54.576446|[EVENT][SUB][doLoop]event sub tasks report,working event sub count=0,suspend event sub count=0
info|2022-11-16 20:47:14.392578|[SDK][WS][SERVICE]connected nodes,count=2
info|2022-11-16 20:47:14.577431|[EVENT][SUB][doLoop]event sub tasks report,working event sub count=0,suspend event sub count=0
info|2022-11-16 20:47:34.393921|[SDK][WS][SERVICE]connected nodes,count=2
info|2022-11-16 20:47:34.578986|[EVENT][SUB][doLoop]event sub tasks report,working event sub count=0,suspend event sub count=0
info|2022-11-16 20:47:54.395201|[SDK][WS][SERVICE]connected nodes,count=2
info|2022-11-16 20:47:54.580631|[EVENT][SUB][doLoop]event sub tasks report,working event sub count=0,suspend event sub count=0
info|2022-11-16 20:48:14.397013|[SDK][WS][SERVICE]connected nodes,count=2
info|2022-11-16 20:48:14.582165|[EVENT][SUB][doLoop]event sub tasks report,working event sub count=0,suspend event sub count=0
info|2022-11-16 20:48:34.397766|[SDK][WS][SERVICE]connected nodes,count=2
info|2022-11-16 20:48:34.583708|[EVENT][SUB][doLoop]event sub tasks report,working event sub count=0,suspend event sub count=0
info|2022-11-16 20:48:54.399467|[SDK][WS][SERVICE]connected nodes,count=2
info|2022-11-16 20:48:54.585286|[EVENT][SUB][doLoop]event sub tasks report,working event sub count=0,suspend event sub count=0
info|2022-11-16 20:49:14.400635|[SDK][WS][SERVICE]connected nodes,count=2
info|2022-11-16 20:49:14.586725|[EVENT][SUB][doLoop]event sub tasks report,working event sub count=0,suspend event sub count=0
info|2022-11-16 20:49:34.402129|[SDK][WS][SERVICE]connected nodes,count=2
info|2022-11-16 20:49:34.588384|[EVENT][SUB][doLoop]event sub tasks report,working event sub count=0,suspend event sub count=0
info|2022-11-16 20:49:54.403803|[SDK][WS][SERVICE]connected nodes,count=2
info|2022-11-16 20:49:54.589978|[EVENT][SUB][doLoop]event sub tasks report,working event sub count=0,suspend event sub count=0
info|2022-11-16 20:50:14.405537|[SDK][WS][SERVICE]connected nodes,count=2
info|2022-11-16 20:50:14.591675|[EVENT][SUB][doLoop]event sub tasks report,working event sub count=0,suspend event sub count=0
info|2022-11-16 20:50:34.406441|[SDK][WS][SERVICE]connected nodes,count=2
info|2022-11-16 20:50:34.592998|[EVENT][SUB][doLoop]event sub tasks report,working event sub count=0,suspend event sub count=0
info|2022-11-16 20:50:54.408815|[SDK][WS][SERVICE]connected nodes,count=2
info|2022-11-16 20:50:54.594195|[EVENT][SUB][doLoop]event sub tasks report,working event sub count=0,suspend event sub count=0
info|2022-11-16 20:51:14.410997|[SDK][WS][SERVICE]connected nodes,count=2
info|2022-11-16 20:51:14.596864|[EVENT][SUB][doLoop]event sub tasks report,working event sub count=0,suspend event sub count=0
info|2022-11-16 20:51:34.412673|[SDK][WS][SERVICE]connected nodes,count=2
info|2022-11-16 20:51:34.599548|[EVENT][SUB][doLoop]event sub tasks report,working event sub count=0,suspend event sub count=0
info|2022-11-16 20:51:54.415288|[SDK][WS][SERVICE]connected nodes,count=2
info|2022-11-16 20:51:54.602009|[EVENT][SUB][doLoop]event sub tasks report,working event sub count=0,suspend event sub count=0
info|2022-11-16 20:52:14.416276|[SDK][WS][SERVICE]connected nodes,count=2
info|2022-11-16 20:52:14.603548|[EVENT][SUB][doLoop]event sub tasks report,working event sub count=0,suspend event sub count=0
info|2022-11-16 20:52:34.417655|[SDK][WS][SERVICE]connected nodes,count=2
info|2022-11-16 20:52:34.605704|[EVENT][SUB][doLoop]event sub tasks report,working event sub count=0,suspend event sub count=0
info|2022-11-16 20:52:54.418484|[SDK][WS][SERVICE]connected nodes,count=2
info|2022-11-16 20:52:54.607428|[EVENT][SUB][doLoop]event sub tasks report,working event sub count=0,suspend event sub count=0
info|2022-11-16 20:53:14.420451|[SDK][WS][SERVICE]connected nodes,count=2
info|2022-11-16 20:53:14.608671|[EVENT][SUB][doLoop]event sub tasks report,working event sub count=0,suspend event sub count=0
info|2022-11-16 20:53:34.421696|[SDK][WS][SERVICE]connected nodes,count=2
info|2022-11-16 20:53:34.609518|[EVENT][SUB][doLoop]event sub tasks report,working event sub count=0,suspend event sub count=0
info|2022-11-16 20:53:54.422916|[SDK][WS][SERVICE]connected nodes,count=2
info|2022-11-16 20:53:54.610256|[EVENT][SUB][doLoop]event sub tasks report,working event sub count=0,suspend event sub count=0
info|2022-11-16 20:54:14.424277|[SDK][WS][SERVICE]connected nodes,count=2
info|2022-11-16 20:54:14.611652|[EVENT][SUB][doLoop]event sub tasks report,working event sub count=0,suspend event sub count=0
info|2022-11-16 20:54:34.425063|[SDK][WS][SERVICE]connected nodes,count=2
info|2022-11-16 20:54:34.612626|[EVENT][SUB][doLoop]event sub tasks report,working event sub count=0,suspend event sub count=0
info|2022-11-16 20:54:54.426492|[SDK][WS][SERVICE]connected nodes,count=2
info|2022-11-16 20:54:54.613405|[EVENT][SUB][doLoop]event sub tasks report,working event sub count=0,suspend event sub count=0
info|2022-11-16 20:55:14.427836|[SDK][WS][SERVICE]connected nodes,count=2
info|2022-11-16 20:55:14.614961|[EVENT][SUB][doLoop]event sub tasks report,working event sub count=0,suspend event sub count=0
info|2022-11-16 20:55:34.429282|[SDK][WS][SERVICE]connected nodes,count=2
info|2022-11-16 20:55:34.615596|[EVENT][SUB][doLoop]event sub tasks report,working event sub count=0,suspend event sub count=0
info|2022-11-16 20:55:54.430555|[SDK][WS][SERVICE]connected nodes,count=2
info|2022-11-16 20:55:54.616713|[EVENT][SUB][doLoop]event sub tasks report,working event sub count=0,suspend event sub count=0
info|2022-11-16 20:56:14.431804|[SDK][WS][SERVICE]connected nodes,count=2
info|2022-11-16 20:56:14.618222|[EVENT][SUB][doLoop]event sub tasks report,working event sub count=0,suspend event sub count=0
info|2022-11-16 20:56:34.432789|[SDK][WS][SERVICE]connected nodes,count=2
info|2022-11-16 20:56:34.619493|[EVENT][SUB][doLoop]event sub tasks report,working event sub count=0,suspend event sub count=0
info|2022-11-16 20:56:54.433886|[SDK][WS][SERVICE]connected nodes,count=2
info|2022-11-16 20:56:54.620403|[EVENT][SUB][doLoop]event sub tasks report,working event sub count=0,suspend event sub count=0
info|2022-11-16 20:57:14.435086|[SDK][WS][SERVICE]connected nodes,count=2
info|2022-11-16 20:57:14.621969|[EVENT][SUB][doLoop]event sub tasks report,working event sub count=0,suspend event sub count=0
info|2022-11-16 20:57:34.436215|[SDK][WS][SERVICE]connected nodes,count=2
info|2022-11-16 20:57:34.622816|[EVENT][SUB][doLoop]event sub tasks report,working event sub count=0,suspend event sub count=0
info|2022-11-16 20:57:54.437044|[SDK][WS][SERVICE]connected nodes,count=2
info|2022-11-16 20:57:54.623973|[EVENT][SUB][doLoop]event sub tasks report,working event sub count=0,suspend event sub count=0
info|2022-11-16 20:58:14.437634|[SDK][WS][SERVICE]connected nodes,count=2
info|2022-11-16 20:58:14.625356|[EVENT][SUB][doLoop]event sub tasks report,working event sub count=0,suspend event sub count=0
info|2022-11-16 20:58:34.437801|[SDK][WS][SERVICE]connected nodes,count=2
info|2022-11-16 20:58:34.622349|[EVENT][SUB][doLoop]event sub tasks report,working event sub count=0,suspend event sub count=0
info|2022-11-16 20:58:54.438091|[SDK][WS][SERVICE]connected nodes,count=2
info|2022-11-16 20:58:54.619989|[EVENT][SUB][doLoop]event sub tasks report,working event sub count=0,suspend event sub count=0
info|2022-11-16 20:59:14.438517|[SDK][WS][SERVICE]connected nodes,count=2
info|2022-11-16 20:59:14.619791|[EVENT][SUB][doLoop]event sub tasks report,working event sub count=0,suspend event sub count=0
info|2022-11-16 20:59:34.439455|[SDK][WS][SERVICE]connected nodes,count=2
info|2022-11-16 20:59:34.621025|[EVENT][SUB][doLoop]event sub tasks report,working event sub count=0,suspend event sub count=0
info|2022-11-16 20:59:54.440831|[SDK][WS][SERVICE]connected nodes,count=2
info|2022-11-16 20:59:54.622088|[EVENT][SUB][doLoop]event sub tasks report,working event sub count=0,suspend event sub count=0
